Build started 10/7/2015 12:49:00 PM.
     1>Project "C:\Users\anthony.touchet\Desktop\Homework\Shooter\testingfeild\testingfeild\testingfeild.vcxproj" on node 2 (Rebuild target(s)).
     1>ClCompile:
         C:\Program Files (x86)\Microsoft Visual Studio 14.0\VC\bin\CL.exe /c /ZI /nologo /W3 /WX- /sdl /Od /Oy- /D _MBCS /Gm /EHsc /RTC1 /MDd /GS /fp:precise /Zc:wchar_t /Zc:forScope /Zc:inline /Fo"Debug\\" /Fd"Debug\vc140.pdb" /Gd /TP /analyze- /errorReport:prompt Source.cpp Source2.cpp
         Source2.cpp
     1>c:\users\anthony.touchet\desktop\homework\shooter\testingfeild\testingfeild\th.h(9): error C2061: syntax error: identifier 'h2'
     1>c:\users\anthony.touchet\desktop\homework\shooter\testingfeild\testingfeild\source2.cpp(4): error C2511: 'void h1::hello(h2)': overloaded member function not found in 'h1'
         c:\users\anthony.touchet\desktop\homework\shooter\testingfeild\testingfeild\th.h(6): note: see declaration of 'h1'
         Source.cpp
     1>c:\users\anthony.touchet\desktop\homework\shooter\testingfeild\testingfeild\th.h(9): error C2061: syntax error: identifier 'h2'
     1>c:\users\anthony.touchet\desktop\homework\shooter\testingfeild\testingfeild\source.cpp(8): error C2660: 'h1::hello': function does not take 1 arguments
         Generating Code...
     1>Done Building Project "C:\Users\anthony.touchet\Desktop\Homework\Shooter\testingfeild\testingfeild\testingfeild.vcxproj" (Rebuild target(s)) -- FAILED.

Build FAILED.

Time Elapsed 00:00:00.73
